Build started 6/24/2014 11:07:59 PM.
Project "C:\Users\Dylan\Documents\GitHub\ProjectFlounder\ProjectFlounder\SquareSolution\Square\Square.vcxproj" on node 2 (Build target(s)).
ClCompile:
  C:\Program Files (x86)\Microsoft Visual Studio 11.0\VC\bin\CL.exe /c /IC:\SDL2\include /ZI /nologo /W3 /WX- /sdl /Od /Oy- /D _MBCS /Gm /EHsc /RTC1 /MDd /GS /fp:precise /Zc:wchar_t /Zc:forScope /Fo"Debug\\" /Fd"Debug\vc110.pdb" /Gd /TP /analyze- /errorReport:prompt tileMap.cpp
  tileMap.cpp
c:\users\dylan\documents\github\projectflounder\projectflounder\squaresolution\square\tilemap.cpp(26): warning C4018: '<' : signed/unsigned mismatch
c:\users\dylan\documents\github\projectflounder\projectflounder\squaresolution\square\tilemap.cpp(60): warning C4244: 'argument' : conversion from 'float' to 'int', possible loss of data
c:\users\dylan\documents\github\projectflounder\projectflounder\squaresolution\square\tilemap.cpp(101): warning C4018: '<' : signed/unsigned mismatch
c:\users\dylan\documents\github\projectflounder\projectflounder\squaresolution\square\tilemap.cpp(129): warning C4018: '<' : signed/unsigned mismatch
c:\users\dylan\documents\github\projectflounder\projectflounder\squaresolution\square\tilemap.cpp(139): warning C4244: 'initializing' : conversion from 'double' to 'int', possible loss of data
c:\users\dylan\documents\github\projectflounder\projectflounder\squaresolution\square\tilemap.cpp(140): warning C4244: 'initializing' : conversion from 'double' to 'float', possible loss of data
c:\users\dylan\documents\github\projectflounder\projectflounder\squaresolution\square\tilemap.cpp(141): warning C4244: 'initializing' : conversion from 'double' to 'float', possible loss of data
c:\users\dylan\documents\github\projectflounder\projectflounder\squaresolution\square\tilemap.cpp(147): warning C4244: 'initializing' : conversion from 'double' to 'int', possible loss of data
c:\users\dylan\documents\github\projectflounder\projectflounder\squaresolution\square\tilemap.cpp(147): warning C4244: 'initializing' : conversion from 'float' to 'int', possible loss of data
c:\users\dylan\documents\github\projectflounder\projectflounder\squaresolution\square\tilemap.cpp(181): warning C4018: '<' : signed/unsigned mismatch
c:\users\dylan\documents\github\projectflounder\projectflounder\squaresolution\square\tilemap.cpp(202): warning C4018: '<' : signed/unsigned mismatch
c:\users\dylan\documents\github\projectflounder\projectflounder\squaresolution\square\tilemap.cpp(247): warning C4018: '<' : signed/unsigned mismatch
c:\users\dylan\documents\github\projectflounder\projectflounder\squaresolution\square\tilemap.cpp(294): warning C4018: '<' : signed/unsigned mismatch
c:\users\dylan\documents\github\projectflounder\projectflounder\squaresolution\square\tilemap.cpp(348): warning C4018: '<' : signed/unsigned mismatch
c:\users\dylan\documents\github\projectflounder\projectflounder\squaresolution\square\tilemap.cpp(366): warning C4244: 'initializing' : conversion from 'double' to 'int', possible loss of data
c:\users\dylan\documents\github\projectflounder\projectflounder\squaresolution\square\tilemap.cpp(367): warning C4244: 'initializing' : conversion from 'double' to 'int', possible loss of data
c:\users\dylan\documents\github\projectflounder\projectflounder\squaresolution\square\tilemap.cpp(371): warning C4244: '=' : conversion from 'double' to 'int', possible loss of data
c:\users\dylan\documents\github\projectflounder\projectflounder\squaresolution\square\tilemap.cpp(372): warning C4244: '=' : conversion from 'double' to 'int', possible loss of data
c:\users\dylan\documents\github\projectflounder\projectflounder\squaresolution\square\tilemap.cpp(383): warning C4244: 'argument' : conversion from 'double' to 'int', possible loss of data
c:\users\dylan\documents\github\projectflounder\projectflounder\squaresolution\square\tilemap.cpp(384): warning C4244: 'argument' : conversion from 'double' to 'int', possible loss of data
c:\users\dylan\documents\github\projectflounder\projectflounder\squaresolution\square\tilemap.cpp(402): warning C4018: '<' : signed/unsigned mismatch
c:\users\dylan\documents\github\projectflounder\projectflounder\squaresolution\square\tilemap.cpp(433): warning C4244: 'initializing' : conversion from 'double' to 'int', possible loss of data
c:\users\dylan\documents\github\projectflounder\projectflounder\squaresolution\square\tilemap.cpp(434): warning C4244: 'initializing' : conversion from 'double' to 'int', possible loss of data
c:\users\dylan\documents\github\projectflounder\projectflounder\squaresolution\square\tilemap.cpp(442): warning C4244: '=' : conversion from 'double' to 'int', possible loss of data
c:\users\dylan\documents\github\projectflounder\projectflounder\squaresolution\square\tilemap.cpp(443): warning C4244: '=' : conversion from 'double' to 'int', possible loss of data
c:\users\dylan\documents\github\projectflounder\projectflounder\squaresolution\square\tilemap.cpp(451): warning C4244: '=' : conversion from 'double' to 'int', possible loss of data
c:\users\dylan\documents\github\projectflounder\projectflounder\squaresolution\square\tilemap.cpp(452): warning C4244: '=' : conversion from 'double' to 'int', possible loss of data
c:\users\dylan\documents\github\projectflounder\projectflounder\squaresolution\square\tilemap.cpp(460): warning C4244: '=' : conversion from 'double' to 'int', possible loss of data
c:\users\dylan\documents\github\projectflounder\projectflounder\squaresolution\square\tilemap.cpp(461): warning C4244: '=' : conversion from 'double' to 'int', possible loss of data
c:\users\dylan\documents\github\projectflounder\projectflounder\squaresolution\square\tilemap.cpp(472): warning C4018: '<' : signed/unsigned mismatch
c:\users\dylan\documents\github\projectflounder\projectflounder\squaresolution\square\tilemap.cpp(474): warning C4018: '<' : signed/unsigned mismatch
c:\users\dylan\documents\github\projectflounder\projectflounder\squaresolution\square\tilemap.cpp(521): warning C4018: '<' : signed/unsigned mismatch
c:\users\dylan\documents\github\projectflounder\projectflounder\squaresolution\square\tilemap.cpp(576): warning C4244: '=' : conversion from 'double' to 'int', possible loss of data
c:\users\dylan\documents\github\projectflounder\projectflounder\squaresolution\square\tilemap.cpp(577): warning C4244: '=' : conversion from 'double' to 'int', possible loss of data
Link:
  C:\Program Files (x86)\Microsoft Visual Studio 11.0\VC\bin\link.exe /ERRORREPORT:PROMPT /OUT:"C:\Users\Dylan\Documents\GitHub\ProjectFlounder\ProjectFlounder\SquareSolution\Debug\Square.exe" /INCREMENTAL /NOLOGO /LIBPATH:C:\SDL2\lib\x86 SDL2.lib SDL2main.lib SDL2_ttf.lib kernel32.lib user32.lib gdi32.lib winspool.lib comdlg32.lib advapi32.lib shell32.lib ole32.lib oleaut32.lib uuid.lib odbc32.lib odbccp32.lib /MANIFEST /MANIFESTUAC:"level='asInvoker' uiAccess='false'" /manifest:embed /DEBUG /PDB:"C:\Users\Dylan\Documents\GitHub\ProjectFlounder\ProjectFlounder\SquareSolution\Debug\Square.pdb" /SUBSYSTEM:CONSOLE /TLBID:1 /DYNAMICBASE /NXCOMPAT /IMPLIB:"C:\Users\Dylan\Documents\GitHub\ProjectFlounder\ProjectFlounder\SquareSolution\Debug\Square.lib" /MACHINE:X86 Debug\camera.obj
  Debug\item.obj
  Debug\main.obj
  Debug\nonPlayer.obj
  Debug\player.obj
  Debug\sprite.obj
  Debug\tile.obj
  Debug\tileMap.obj
  Square.vcxproj -> C:\Users\Dylan\Documents\GitHub\ProjectFlounder\ProjectFlounder\SquareSolution\Debug\Square.exe
Done Building Project "C:\Users\Dylan\Documents\GitHub\ProjectFlounder\ProjectFlounder\SquareSolution\Square\Square.vcxproj" (Build target(s)).

Build succeeded.

Time Elapsed 00:00:08.76
